----------------use critic method determine weight--------------------
start load index data....
bert index :[hit @ 1 hit @ 10 hit @ 50 MRR] [0.98541, 0.99733, 0.99904, 0.9897619262037142]
gcn index :[hit @ 1 hit @ 10 hit @ 50 MRR] [0.052, 0.13244444444444445, 0.21251851851851852, 0.08066282465763551]
predicate index :[hit @ 1 hit @ 10 hit @ 50 MRR] [0.009047619047619047, 0.050095238095238095, 0.16180952380952382, 0.026718347456282363]
start use critic method determine weight....
each index weight: [0.2984 0.443  0.1121 0.1465]
each embedding weight: [0.709 0.291 0.   ]
save weight....
2022-04-23 10:19:19.894146: I tensorflow/core/platform/cpu_feature_guard.cc:145] This TensorFlow binary is optimized with Intel(R) MKL-DNN to use the following CPU instructions in performance critical operations:  SSE4.1 SSE4.2 AVX AVX2 FMA
To enable them in non-MKL-DNN operations, rebuild TensorFlow with the appropriate compiler flags.
2022-04-23 10:19:20.632026: I tensorflow/core/platform/profile_utils/cpu_utils.cc:94] CPU Frequency: 2399900000 Hz
2022-04-23 10:19:20.634994: I tensorflow/compiler/xla/service/service.cc:168] XLA service 0x5631e564eda0 executing computations on platform Host. Devices:
2022-04-23 10:19:20.635071: I tensorflow/compiler/xla/service/service.cc:175]   StreamExecutor device (0): Host, Default Version
2022-04-23 10:19:20.683089: I tensorflow/core/common_runtime/process_util.cc:115] Creating new thread pool with default inter op setting: 2. Tune using inter_op_parallelism_threads for best performance.
----------------get entity embedding--------------------
GPU NUM: 0
loading basic bert unit model from:  ../Save_model/DWY-NB_dynbmodel_epoch_4.p
train_ill num: 1500 /test_ill num: 13500 / train_ill & test_ill num: 0
get bert embedding using time 312.474
bert embedding shape:  (119086, 300)
gcn embedding shape:  (119086, 400)
predicate embedding shape:  (119086, 200)
connect bert,gcn,predicate entity embedding shape:  (119086, 700)
save entity embedding....
----------------use sinkhorn method to entity alignment----------------
loading entity embedding from: ../data/dwy-nb/dy_nb/DWY-NB_dynb_emb_4.pkl
loading other data from: ../data/dwy-nb/dy_nb/
ent_vec shape: (119086, 700)
2022-04-23 10:25:38.605650: I tensorflow/core/platform/cpu_feature_guard.cc:145] This TensorFlow binary is optimized with Intel(R) MKL-DNN to use the following CPU instructions in performance critical operations:  SSE4.1 SSE4.2 AVX AVX2 FMA
To enable them in non-MKL-DNN operations, rebuild TensorFlow with the appropriate compiler flags.
2022-04-23 10:25:38.614451: I tensorflow/core/platform/profile_utils/cpu_utils.cc:94] CPU Frequency: 2399900000 Hz
2022-04-23 10:25:38.614873: I tensorflow/compiler/xla/service/service.cc:168] XLA service 0x55e47155bbd0 executing computations on platform Host. Devices:
2022-04-23 10:25:38.614915: I tensorflow/compiler/xla/service/service.cc:175]   StreamExecutor device (0): Host, Default Version
2022-04-23 10:25:38.615071: I tensorflow/core/common_runtime/process_util.cc:115] Creating new thread pool with default inter op setting: 2. Tune using inter_op_parallelism_threads for best performance.
feature lenth is: 119086
start calculate entity similarity
11.080813501030207
start entity alignment use sinkhorn method
hits@1 : 99.99% hits@10 : 100.00% MRR : 99.99%
12.690934047102928
