----------------use critic method determine weight--------------------
start load index data....
bert index :[hit @ 1 hit @ 10 hit @ 50 MRR] [0.99542, 0.99892, 0.9995, 0.9968997560807518]
gcn index :[hit @ 1 hit @ 10 hit @ 50 MRR] [0.13383333333333333, 0.26008333333333333, 0.35125, 0.1774815583719808]
predicate index :[hit @ 1 hit @ 10 hit @ 50 MRR] [0.009047619047619047, 0.050095238095238095, 0.16180952380952382, 0.026718347456282363]
start use critic method determine weight....
each index weight: [0.3611 0.2283 0.2262 0.1844]
each embedding weight: [0.54 0.46 0.  ]
save weight....
2022-04-23 19:03:08.108750: I tensorflow/core/platform/cpu_feature_guard.cc:145] This TensorFlow binary is optimized with Intel(R) MKL-DNN to use the following CPU instructions in performance critical operations:  SSE4.1 SSE4.2 AVX AVX2 FMA
To enable them in non-MKL-DNN operations, rebuild TensorFlow with the appropriate compiler flags.
2022-04-23 19:03:08.928018: I tensorflow/core/platform/profile_utils/cpu_utils.cc:94] CPU Frequency: 2399940000 Hz
2022-04-23 19:03:08.931532: I tensorflow/compiler/xla/service/service.cc:168] XLA service 0x558a4e18b060 executing computations on platform Host. Devices:
2022-04-23 19:03:08.931621: I tensorflow/compiler/xla/service/service.cc:175]   StreamExecutor device (0): Host, Default Version
2022-04-23 19:03:09.003293: I tensorflow/core/common_runtime/process_util.cc:115] Creating new thread pool with default inter op setting: 2. Tune using inter_op_parallelism_threads for best performance.
----------------get entity embedding--------------------
GPU NUM: 0
loading basic bert unit model from:  ../Save_model/DWY-NB_dynbmodel_epoch_4.p
train_ill num: 3000 /test_ill num: 12000 / train_ill & test_ill num: 0
get bert embedding using time 314.325
bert embedding shape:  (119086, 300)
gcn embedding shape:  (119086, 400)
predicate embedding shape:  (119086, 200)
connect bert,gcn,predicate entity embedding shape:  (119086, 700)
save entity embedding....
----------------use sinkhorn method to entity alignment----------------
loading entity embedding from: ../data/dwy-nb/dy_nb/DWY-NB_dynb_emb_4.pkl
loading other data from: ../data/dwy-nb/dy_nb/
ent_vec shape: (119086, 700)
2022-04-23 19:09:28.320976: I tensorflow/core/platform/cpu_feature_guard.cc:145] This TensorFlow binary is optimized with Intel(R) MKL-DNN to use the following CPU instructions in performance critical operations:  SSE4.1 SSE4.2 AVX AVX2 FMA
To enable them in non-MKL-DNN operations, rebuild TensorFlow with the appropriate compiler flags.
2022-04-23 19:09:28.329372: I tensorflow/core/platform/profile_utils/cpu_utils.cc:94] CPU Frequency: 2399940000 Hz
2022-04-23 19:09:28.329788: I tensorflow/compiler/xla/service/service.cc:168] XLA service 0x559a917deee0 executing computations on platform Host. Devices:
2022-04-23 19:09:28.329830: I tensorflow/compiler/xla/service/service.cc:175]   StreamExecutor device (0): Host, Default Version
2022-04-23 19:09:28.330023: I tensorflow/core/common_runtime/process_util.cc:115] Creating new thread pool with default inter op setting: 2. Tune using inter_op_parallelism_threads for best performance.
feature lenth is: 119086
start calculate entity similarity
10.873823218047619
start entity alignment use sinkhorn method
hits@1 : 99.97% hits@10 : 99.99% MRR : 99.97%
12.297350693494081
