----------------use critic method determine weight--------------------
start load index data....
bert index :[hit @ 1 hit @ 10 hit @ 50 MRR] [0.84099, 0.9641, 0.98441, 0.8866716088074813]
gcn index :[hit @ 1 hit @ 10 hit @ 50 MRR] [0.6284142857142857, 0.8878857142857143, 0.9551714285714286, 0.7212380877226956]
predicate index :[hit @ 1 hit @ 10 hit @ 50 MRR] [0.006185714285714286, 0.016671428571428573, 0.0248, 0.010289017452365589]
start use critic method determine weight....
each index weight: [0.3087 0.1962 0.341  0.1541]
each embedding weight: [0.223 0.777 0.   ]
save weight....
2022-04-21 11:35:42.701475: I tensorflow/core/platform/cpu_feature_guard.cc:145] This TensorFlow binary is optimized with Intel(R) MKL-DNN to use the following CPU instructions in performance critical operations:  SSE4.1 SSE4.2 AVX AVX2 FMA
To enable them in non-MKL-DNN operations, rebuild TensorFlow with the appropriate compiler flags.
2022-04-21 11:35:43.433700: I tensorflow/core/platform/profile_utils/cpu_utils.cc:94] CPU Frequency: 2399895000 Hz
2022-04-21 11:35:43.437064: I tensorflow/compiler/xla/service/service.cc:168] XLA service 0x55da12328b70 executing computations on platform Host. Devices:
2022-04-21 11:35:43.437145: I tensorflow/compiler/xla/service/service.cc:175]   StreamExecutor device (0): Host, Default Version
2022-04-21 11:35:43.543076: I tensorflow/core/common_runtime/process_util.cc:115] Creating new thread pool with default inter op setting: 2. Tune using inter_op_parallelism_threads for best performance.
----------------get entity embedding--------------------
GPU NUM: 0
loading basic bert unit model from:  ../Save_model/DWY100K_dbpwdmodel_epoch_4.p
train_ill num: 30000 /test_ill num: 70000 / train_ill & test_ill num: 0
get bert embedding using time 530.432
bert embedding shape:  (200000, 300)
gcn embedding shape:  (200000, 400)
predicate embedding shape:  (200000, 400)
connect bert,gcn,predicate entity embedding shape:  (200000, 700)
save entity embedding....
----------------use sinkhorn method to entity alignment----------------
loading entity embedding from: ../data/dwy100k/dbp_wd/DWY100K_dbpwd_emb_4.pkl
loading other data from: ../data/dwy100k/dbp_wd/
ent_vec shape: (200000, 700)
2022-04-21 11:46:15.339385: I tensorflow/core/platform/cpu_feature_guard.cc:145] This TensorFlow binary is optimized with Intel(R) MKL-DNN to use the following CPU instructions in performance critical operations:  SSE4.1 SSE4.2 AVX AVX2 FMA
To enable them in non-MKL-DNN operations, rebuild TensorFlow with the appropriate compiler flags.
2022-04-21 11:46:15.347692: I tensorflow/core/platform/profile_utils/cpu_utils.cc:94] CPU Frequency: 2399895000 Hz
2022-04-21 11:46:15.348111: I tensorflow/compiler/xla/service/service.cc:168] XLA service 0x555c8b36eb70 executing computations on platform Host. Devices:
2022-04-21 11:46:15.348152: I tensorflow/compiler/xla/service/service.cc:175]   StreamExecutor device (0): Host, Default Version
2022-04-21 11:46:15.348322: I tensorflow/core/common_runtime/process_util.cc:115] Creating new thread pool with default inter op setting: 2. Tune using inter_op_parallelism_threads for best performance.
feature lenth is: 200000
start calculate entity similarity
97.9272737391293
start entity alignment use sinkhorn method
hits@1 : 99.18% hits@10 : 99.87% MRR : 99.47%
121.66399354860187
