----------------use critic method determine weight--------------------
start load index data....
bert index :[hit @ 1 hit @ 10 hit @ 50 MRR] [0.99193, 0.99806, 0.99907, 0.9944441882111192]
gcn index :[hit @ 1 hit @ 10 hit @ 50 MRR] [0.7165857142857143, 0.9067142857142857, 0.9617, 0.7839435899050673]
predicate index :[hit @ 1 hit @ 10 hit @ 50 MRR] [0.006185714285714286, 0.016671428571428573, 0.0248, 0.010289017452365589]
start use critic method determine weight....
each index weight: [0.3268 0.1876 0.3217 0.1639]
each embedding weight: [0.228 0.772 0.   ]
save weight....
2022-04-21 13:13:27.867348: I tensorflow/core/platform/cpu_feature_guard.cc:145] This TensorFlow binary is optimized with Intel(R) MKL-DNN to use the following CPU instructions in performance critical operations:  SSE4.1 SSE4.2 AVX AVX2 AVX512F FMA
To enable them in non-MKL-DNN operations, rebuild TensorFlow with the appropriate compiler flags.
2022-04-21 13:13:27.878482: I tensorflow/core/platform/profile_utils/cpu_utils.cc:94] CPU Frequency: 2300000000 Hz
2022-04-21 13:13:27.878987: I tensorflow/compiler/xla/service/service.cc:168] XLA service 0x55836179e170 executing computations on platform Host. Devices:
2022-04-21 13:13:27.879043: I tensorflow/compiler/xla/service/service.cc:175]   StreamExecutor device (0): Host, Default Version
2022-04-21 13:13:27.879245: I tensorflow/core/common_runtime/process_util.cc:115] Creating new thread pool with default inter op setting: 2. Tune using inter_op_parallelism_threads for best performance.
----------------get entity embedding--------------------
GPU NUM: 0
loading basic bert unit model from:  ../Save_model/DWY100K_dbpygmodel_epoch_4.p
train_ill num: 30000 /test_ill num: 70000 / train_ill & test_ill num: 0
get bert embedding using time 572.065
bert embedding shape:  (200000, 300)
gcn embedding shape:  (200000, 400)
predicate embedding shape:  (200000, 400)
connect bert,gcn,predicate entity embedding shape:  (200000, 700)
save entity embedding....
----------------use sinkhorn method to entity alignment----------------
loading entity embedding from: ../data/dwy100k/dbp_yg/DWY100K_dbpyg_emb_4.pkl
loading other data from: ../data/dwy100k/dbp_yg/
ent_vec shape: (200000, 700)
2022-04-21 13:24:34.889349: I tensorflow/core/platform/cpu_feature_guard.cc:145] This TensorFlow binary is optimized with Intel(R) MKL-DNN to use the following CPU instructions in performance critical operations:  SSE4.1 SSE4.2 AVX AVX2 AVX512F FMA
To enable them in non-MKL-DNN operations, rebuild TensorFlow with the appropriate compiler flags.
2022-04-21 13:24:34.907750: I tensorflow/core/platform/profile_utils/cpu_utils.cc:94] CPU Frequency: 2300000000 Hz
2022-04-21 13:24:34.908369: I tensorflow/compiler/xla/service/service.cc:168] XLA service 0x55744dd32960 executing computations on platform Host. Devices:
2022-04-21 13:24:34.908485: I tensorflow/compiler/xla/service/service.cc:175]   StreamExecutor device (0): Host, Default Version
2022-04-21 13:24:34.908793: I tensorflow/core/common_runtime/process_util.cc:115] Creating new thread pool with default inter op setting: 2. Tune using inter_op_parallelism_threads for best performance.
feature lenth is: 200000
start calculate entity similarity
97.69104023464024
start entity alignment use sinkhorn method
hits@1 : 99.97% hits@10 : 100.00% MRR : 99.98%
101.97098922543228
