D:\Anaconda\envs\seu\python.exe F:/桂子的NLP/论文/BG-OTEA/sinkhorn_alignment_unit/entity_alignment.py
2022-04-25 18:39:27.088756: I tensorflow/stream_executor/platform/default/dso_loader.cc:49] Successfully opened dynamic library cudart64_110.dll
----------------use sinkhorn method to entity alignment----------------
loading entity embedding from: ../data/dbp15k/zh_en/DBP15K_zhen_emb_4.pkl
loading other data from: ../data/dbp15k/zh_en/
ent_vec shape: (38960, 500)
2022-04-25 18:39:37.388009: I tensorflow/compiler/jit/xla_cpu_device.cc:41] Not creating XLA devices, tf_xla_enable_xla_devices not set
2022-04-25 18:39:37.389185: I tensorflow/stream_executor/platform/default/dso_loader.cc:49] Successfully opened dynamic library nvcuda.dll
2022-04-25 18:39:37.420319: I tensorflow/core/common_runtime/gpu/gpu_device.cc:1720] Found device 0 with properties: 
pciBusID: 0000:01:00.0 name: NVIDIA GeForce GTX 1050 computeCapability: 6.1
coreClock: 1.493GHz coreCount: 5 deviceMemorySize: 2.00GiB deviceMemoryBandwidth: 104.43GiB/s
2022-04-25 18:39:37.420672: I tensorflow/stream_executor/platform/default/dso_loader.cc:49] Successfully opened dynamic library cudart64_110.dll
2022-04-25 18:39:37.431537: I tensorflow/stream_executor/platform/default/dso_loader.cc:49] Successfully opened dynamic library cublas64_11.dll
2022-04-25 18:39:37.431713: I tensorflow/stream_executor/platform/default/dso_loader.cc:49] Successfully opened dynamic library cublasLt64_11.dll
2022-04-25 18:39:37.436864: I tensorflow/stream_executor/platform/default/dso_loader.cc:49] Successfully opened dynamic library cufft64_10.dll
2022-04-25 18:39:37.439285: I tensorflow/stream_executor/platform/default/dso_loader.cc:49] Successfully opened dynamic library curand64_10.dll
2022-04-25 18:39:37.441869: W tensorflow/stream_executor/platform/default/dso_loader.cc:60] Could not load dynamic library 'cusolver64_10.dll'; dlerror: cusolver64_10.dll not found
2022-04-25 18:39:37.447314: I tensorflow/stream_executor/platform/default/dso_loader.cc:49] Successfully opened dynamic library cusparse64_11.dll
2022-04-25 18:39:37.449111: W tensorflow/stream_executor/platform/default/dso_loader.cc:60] Could not load dynamic library 'cudnn64_8.dll'; dlerror: cudnn64_8.dll not found
2022-04-25 18:39:37.449322: W tensorflow/core/common_runtime/gpu/gpu_device.cc:1757] Cannot dlopen some GPU libraries. Please make sure the missing libraries mentioned above are installed properly if you would like to use GPU. Follow the guide at https://www.tensorflow.org/install/gpu for how to download and setup the required libraries for your platform.
Skipping registering GPU devices...
2022-04-25 18:39:37.450085: I tensorflow/core/platform/cpu_feature_guard.cc:142] This TensorFlow binary is optimized with oneAPI Deep Neural Network Library (oneDNN) to use the following CPU instructions in performance-critical operations:  AVX2
To enable them in other operations, rebuild TensorFlow with the appropriate compiler flags.
2022-04-25 18:39:37.450716: I tensorflow/core/common_runtime/gpu/gpu_device.cc:1261] Device interconnect StreamExecutor with strength 1 edge matrix:
2022-04-25 18:39:37.450942: I tensorflow/core/common_runtime/gpu/gpu_device.cc:1267]      
2022-04-25 18:39:37.451153: I tensorflow/compiler/jit/xla_gpu_device.cc:99] Not creating XLA devices, tf_xla_enable_xla_devices not set
feature lenth is: 38960
start calculate entity similarity
2022-04-25 18:39:37.548260: W tensorflow/core/framework/cpu_allocator_impl.cc:80] Allocation of 1800000000 exceeds 10% of free system memory.
2022-04-25 18:39:41.147467: W tensorflow/core/framework/cpu_allocator_impl.cc:80] Allocation of 1800000000 exceeds 10% of free system memory.
2022-04-25 18:39:44.424508: W tensorflow/core/framework/cpu_allocator_impl.cc:80] Allocation of 1800000000 exceeds 10% of free system memory.
2022-04-25 18:39:45.442859: W tensorflow/core/framework/cpu_allocator_impl.cc:80] Allocation of 1800000000 exceeds 10% of free system memory.
2022-04-25 18:39:48.700855: W tensorflow/core/framework/cpu_allocator_impl.cc:80] Allocation of 1800000000 exceeds 10% of free system memory.
12.2652837
start entity alignment use sinkhorn method
hits@1 : 94.82% hits@10 : 99.51% MRR : 96.69%
40.3441026
